<?xml version="1.0" encoding="UTF-8"?>
<testng-results ignored="0" total="1" passed="1" failed="0" skipped="0">
  <reporter-output>
  </reporter-output>
  <suite started-at="2022-06-10T10:41:09 IST" name="Default suite" finished-at="2022-06-10T10:41:11 IST" duration-ms="2204">
    <groups>
    </groups>
    <test started-at="2022-06-10T10:41:09 IST" name="Default test" finished-at="2022-06-10T10:41:11 IST" duration-ms="2204">
      <class name="rnit.automationAPI.CreateUser">
        <test-method signature="toPostData()[pri:0, instance:rnit.automationAPI.CreateUser@f0da945]" started-at="2022-06-10T10:41:09 IST" name="toPostData" finished-at="2022-06-10T10:41:11 IST" duration-ms="2152" status="PASS">
          <reporter-output>
          </reporter-output>
        </test-method> <!-- toPostData -->
      </class> <!-- rnit.automationAPI.CreateUser -->
    </test> <!-- Default test -->
  </suite> <!-- Default suite -->
</testng-results>
