<?xml version="1.0" encoding="UTF-8"?>
<testng-results ignored="0" total="1" passed="1" failed="0" skipped="0">
  <reporter-output>
  </reporter-output>
  <suite started-at="2022-06-09T12:00:26 IST" name="Default suite" finished-at="2022-06-09T12:00:28 IST" duration-ms="1700">
    <groups>
    </groups>
    <test started-at="2022-06-09T12:00:26 IST" name="Default test" finished-at="2022-06-09T12:00:28 IST" duration-ms="1700">
      <class name="rnit.automationAPI.ToGetUsers">
        <test-method signature="getUsers()[pri:0, instance:rnit.automationAPI.ToGetUsers@194bcebf]" started-at="2022-06-09T12:00:26 IST" name="getUsers" finished-at="2022-06-09T12:00:28 IST" duration-ms="1651" status="PASS">
          <reporter-output>
          </reporter-output>
        </test-method> <!-- getUsers -->
      </class> <!-- rnit.automationAPI.ToGetUsers -->
    </test> <!-- Default test -->
  </suite> <!-- Default suite -->
</testng-results>
